None of PyTorch, TensorFlow >= 2.0, or Flax have been found. Models won't be available and only tokenizers, configuration and file/data utilities can be used.
Process inference_proc:
Traceback (most recent call last):
  File "C:\Users\John\AppData\Local\Programs\Python\Python312\Lib\asyncio\windows_events.py", line 462, in finish_socket_func
    return ov.getresult()
           ^^^^^^^^^^^^^^
OSError: [WinError 64] The specified network name is no longer available

During handling of the above exception, another exception occurred:

Traceback (most recent call last):
  File "C:\Users\John\Desktop\Capsules v393\capsules-next\src\party-transcriber\.venv\Lib\site-packages\livekit\agents\utils\aio\duplex_unix.py", line 57, in aclose
    await self._writer.wait_closed()
  File "C:\Users\John\AppData\Local\Programs\Python\Python312\Lib\asyncio\streams.py", line 364, in wait_closed
    await self._protocol._get_close_waiter(self)
  File "C:\Users\John\AppData\Local\Programs\Python\Python312\Lib\asyncio\proactor_events.py", line 286, in _loop_reading
    length = fut.result()
             ^^^^^^^^^^^^
  File "C:\Users\John\AppData\Local\Programs\Python\Python312\Lib\asyncio\windows_events.py", line 803, in _poll
    value = callback(transferred, key, ov)
            ^^^^^^^^^^^^^^^^^^^^^^^^^^^^^^
  File "C:\Users\John\AppData\Local\Programs\Python\Python312\Lib\asyncio\windows_events.py", line 466, in finish_socket_func
    raise ConnectionResetError(*exc.args)
ConnectionResetError: [WinError 64] The specified network name is no longer available

The above exception was the direct cause of the following exception:

Traceback (most recent call last):
  File "C:\Users\John\AppData\Local\Programs\Python\Python312\Lib\multiprocessing\process.py", line 314, in _bootstrap
    self.run()
  File "C:\Users\John\AppData\Local\Programs\Python\Python312\Lib\multiprocessing\process.py", line 108, in run
    self._target(*self._args, **self._kwargs)
  File "C:\Users\John\Desktop\Capsules v393\capsules-next\src\party-transcriber\.venv\Lib\site-packages\livekit\agents\ipc\inference_proc_lazy_main.py", line 63, in proc_main
    client.run()
  File "C:\Users\John\Desktop\Capsules v393\capsules-next\src\party-transcriber\.venv\Lib\site-packages\livekit\agents\ipc\proc_client.py", line 85, in run
    loop.run_until_complete(self._task)
  File "C:\Users\John\AppData\Local\Programs\Python\Python312\Lib\asyncio\base_events.py", line 691, in run_until_complete
    return future.result()
           ^^^^^^^^^^^^^^^
  File "C:\Users\John\Desktop\Capsules v393\capsules-next\src\party-transcriber\.venv\Lib\site-packages\livekit\agents\ipc\proc_client.py", line 161, in _monitor_task
    await self._acch.aclose()
  File "C:\Users\John\Desktop\Capsules v393\capsules-next\src\party-transcriber\.venv\Lib\site-packages\livekit\agents\utils\aio\duplex_unix.py", line 60, in aclose
    raise DuplexClosed() from e
livekit.agents.utils.aio.duplex_unix.DuplexClosed
